<?xml version="1.0" encoding="UTF-8"?>
<testsuite xmlns:xsi="http://www.w3.org/2001/XMLSchema-instance" xsi:noNamespaceSchemaLocation="https://maven.apache.org/surefire/maven-surefire-plugin/xsd/surefire-test-report-3.0.xsd" version="3.0" name="com.adactin.runner.Runnerclass" time="40.711" tests="24" errors="0" skipped="0" failures="0">
  <properties>
    <property name="sun.desktop" value="windows"/>
    <property name="awt.toolkit" value="sun.awt.windows.WToolkit"/>
    <property name="java.specification.version" value="11"/>
    <property name="webdriver.chrome.driver" value="C:\Users\faizu\.cache\selenium\chromedriver\win64\118.0.5993.70\chromedriver.exe"/>
    <property name="sun.cpu.isalist" value="amd64"/>
    <property name="sun.jnu.encoding" value="Cp1252"/>
    <property name="java.class.path" value="C:\Users\faizu\eclipse-workspace\Adactin_Cucumber\target\test-classes;C:\Users\faizu\eclipse-workspace\Adactin_Cucumber\target\classes;C:\Users\faizu\.m2\repository\junit\junit\4.12\junit-4.12.jar;C:\Users\faizu\.m2\repository\org\hamcrest\hamcrest-core\1.3\hamcrest-core-1.3.jar;C:\Users\faizu\.m2\repository\info\cukes\cucumber-junit\1.2.5\cucumber-junit-1.2.5.jar;C:\Users\faizu\.m2\repository\info\cukes\cucumber-java\1.2.5\cucumber-java-1.2.5.jar;C:\Users\faizu\.m2\repository\info\cukes\cucumber-core\1.2.5\cucumber-core-1.2.5.jar;C:\Users\faizu\.m2\repository\info\cukes\cucumber-html\0.2.3\cucumber-html-0.2.3.jar;C:\Users\faizu\.m2\repository\info\cukes\cucumber-jvm-deps\1.0.5\cucumber-jvm-deps-1.0.5.jar;C:\Users\faizu\.m2\repository\info\cukes\gherkin\2.12.2\gherkin-2.12.2.jar;C:\Users\faizu\.m2\repository\org\seleniumhq\selenium\selenium-java\3.141.59\selenium-java-3.141.59.jar;C:\Users\faizu\.m2\repository\org\seleniumhq\selenium\selenium-api\3.141.59\selenium-api-3.141.59.jar;C:\Users\faizu\.m2\repository\org\seleniumhq\selenium\selenium-chrome-driver\3.141.59\selenium-chrome-driver-3.141.59.jar;C:\Users\faizu\.m2\repository\org\seleniumhq\selenium\selenium-edge-driver\3.141.59\selenium-edge-driver-3.141.59.jar;C:\Users\faizu\.m2\repository\org\seleniumhq\selenium\selenium-firefox-driver\3.141.59\selenium-firefox-driver-3.141.59.jar;C:\Users\faizu\.m2\repository\org\seleniumhq\selenium\selenium-ie-driver\3.141.59\selenium-ie-driver-3.141.59.jar;C:\Users\faizu\.m2\repository\org\seleniumhq\selenium\selenium-opera-driver\3.141.59\selenium-opera-driver-3.141.59.jar;C:\Users\faizu\.m2\repository\org\seleniumhq\selenium\selenium-remote-driver\3.141.59\selenium-remote-driver-3.141.59.jar;C:\Users\faizu\.m2\repository\org\seleniumhq\selenium\selenium-safari-driver\3.141.59\selenium-safari-driver-3.141.59.jar;C:\Users\faizu\.m2\repository\org\seleniumhq\selenium\selenium-support\3.141.59\selenium-support-3.141.59.jar;C:\Users\faizu\.m2\repository\net\bytebuddy\byte-buddy\1.8.15\byte-buddy-1.8.15.jar;C:\Users\faizu\.m2\repository\org\apache\commons\commons-exec\1.3\commons-exec-1.3.jar;C:\Users\faizu\.m2\repository\com\google\guava\guava\25.0-jre\guava-25.0-jre.jar;C:\Users\faizu\.m2\repository\com\google\code\findbugs\jsr305\1.3.9\jsr305-1.3.9.jar;C:\Users\faizu\.m2\repository\org\checkerframework\checker-compat-qual\2.0.0\checker-compat-qual-2.0.0.jar;C:\Users\faizu\.m2\repository\com\google\errorprone\error_prone_annotations\2.1.3\error_prone_annotations-2.1.3.jar;C:\Users\faizu\.m2\repository\com\google\j2objc\j2objc-annotations\1.1\j2objc-annotations-1.1.jar;C:\Users\faizu\.m2\repository\org\codehaus\mojo\animal-sniffer-annotations\1.14\animal-sniffer-annotations-1.14.jar;C:\Users\faizu\.m2\repository\com\squareup\okhttp3\okhttp\3.11.0\okhttp-3.11.0.jar;C:\Users\faizu\.m2\repository\com\squareup\okio\okio\1.14.0\okio-1.14.0.jar;C:\Users\faizu\.m2\repository\commons-io\commons-io\2.14.0\commons-io-2.14.0.jar;C:\Users\faizu\.m2\repository\io\github\bonigarcia\webdrivermanager\5.5.2\webdrivermanager-5.5.2.jar;C:\Users\faizu\.m2\repository\org\slf4j\slf4j-api\2.0.7\slf4j-api-2.0.7.jar;C:\Users\faizu\.m2\repository\com\google\code\gson\gson\2.10.1\gson-2.10.1.jar;C:\Users\faizu\.m2\repository\com\github\docker-java\docker-java\3.3.3\docker-java-3.3.3.jar;C:\Users\faizu\.m2\repository\com\github\docker-java\docker-java-core\3.3.3\docker-java-core-3.3.3.jar;C:\Users\faizu\.m2\repository\com\github\docker-java\docker-java-api\3.3.3\docker-java-api-3.3.3.jar;C:\Users\faizu\.m2\repository\com\fasterxml\jackson\core\jackson-annotations\2.10.3\jackson-annotations-2.10.3.jar;C:\Users\faizu\.m2\repository\org\apache\commons\commons-compress\1.21\commons-compress-1.21.jar;C:\Users\faizu\.m2\repository\com\fasterxml\jackson\core\jackson-databind\2.10.3\jackson-databind-2.10.3.jar;C:\Users\faizu\.m2\repository\com\fasterxml\jackson\core\jackson-core\2.10.3\jackson-core-2.10.3.jar;C:\Users\faizu\.m2\repository\org\bouncycastle\bcpkix-jdk18on\1.75\bcpkix-jdk18on-1.75.jar;C:\Users\faizu\.m2\repository\org\bouncycastle\bcprov-jdk18on\1.75\bcprov-jdk18on-1.75.jar;C:\Users\faizu\.m2\repository\org\bouncycastle\bcutil-jdk18on\1.75\bcutil-jdk18on-1.75.jar;C:\Users\faizu\.m2\repository\org\slf4j\jcl-over-slf4j\1.7.30\jcl-over-slf4j-1.7.30.jar;C:\Users\faizu\.m2\repository\com\github\docker-java\docker-java-transport-httpclient5\3.3.3\docker-java-transport-httpclient5-3.3.3.jar;C:\Users\faizu\.m2\repository\com\github\docker-java\docker-java-transport\3.3.3\docker-java-transport-3.3.3.jar;C:\Users\faizu\.m2\repository\net\java\dev\jna\jna\5.12.1\jna-5.12.1.jar;C:\Users\faizu\.m2\repository\org\brotli\dec\0.1.2\dec-0.1.2.jar;C:\Users\faizu\.m2\repository\org\apache\commons\commons-lang3\3.13.0\commons-lang3-3.13.0.jar;C:\Users\faizu\.m2\repository\org\apache\httpcomponents\client5\httpclient5\5.2.1\httpclient5-5.2.1.jar;C:\Users\faizu\.m2\repository\org\apache\httpcomponents\core5\httpcore5\5.2\httpcore5-5.2.jar;C:\Users\faizu\.m2\repository\org\apache\httpcomponents\core5\httpcore5-h2\5.2\httpcore5-h2-5.2.jar;C:\Users\faizu\.m2\repository\com\vimalselvam\cucumber-extentsreport\3.0.2\cucumber-extentsreport-3.0.2.jar;C:\Users\faizu\.m2\repository\com\aventstack\extentreports\3.1.2\extentreports-3.1.2.jar;C:\Users\faizu\.m2\repository\org\freemarker\freemarker\2.3.23\freemarker-2.3.23.jar;C:\Users\faizu\.m2\repository\org\mongodb\mongodb-driver\3.3.0\mongodb-driver-3.3.0.jar;C:\Users\faizu\.m2\repository\org\mongodb\bson\3.3.0\bson-3.3.0.jar;C:\Users\faizu\.m2\repository\org\mongodb\mongodb-driver-core\3.3.0\mongodb-driver-core-3.3.0.jar;C:\Users\faizu\.m2\repository\org\apache\httpcomponents\httpclient\4.5.2\httpclient-4.5.2.jar;C:\Users\faizu\.m2\repository\org\apache\httpcomponents\httpcore\4.4.4\httpcore-4.4.4.jar;C:\Users\faizu\.m2\repository\commons-logging\commons-logging\1.2\commons-logging-1.2.jar;C:\Users\faizu\.m2\repository\commons-codec\commons-codec\1.9\commons-codec-1.9.jar;C:\Users\faizu\.m2\repository\org\apache\httpcomponents\httpmime\4.5.2\httpmime-4.5.2.jar;C:\Users\faizu\.m2\repository\org\jsoup\jsoup\1.9.2\jsoup-1.9.2.jar;C:\Users\faizu\.m2\repository\org\junit\jupiter\junit-jupiter-params\5.7.1\junit-jupiter-params-5.7.1.jar;C:\Users\faizu\.m2\repository\org\apiguardian\apiguardian-api\1.1.0\apiguardian-api-1.1.0.jar;C:\Users\faizu\.m2\repository\org\junit\jupiter\junit-jupiter-api\5.7.1\junit-jupiter-api-5.7.1.jar;C:\Users\faizu\.m2\repository\org\opentest4j\opentest4j\1.2.0\opentest4j-1.2.0.jar;C:\Users\faizu\.m2\repository\org\junit\platform\junit-platform-commons\1.7.1\junit-platform-commons-1.7.1.jar;"/>
    <property name="java.vm.vendor" value="Oracle Corporation"/>
    <property name="sun.arch.data.model" value="64"/>
    <property name="user.variant" value=""/>
    <property name="java.vendor.url" value="https://openjdk.java.net/"/>
    <property name="user.timezone" value="Asia/Calcutta"/>
    <property name="java.vm.specification.version" value="11"/>
    <property name="os.name" value="Windows 11"/>
    <property name="sun.java.launcher" value="SUN_STANDARD"/>
    <property name="user.country" value="US"/>
    <property name="sun.boot.library.path" value="C:\Program Files\Java\jdk-11\bin"/>
    <property name="sun.java.command" value="C:\Users\faizu\AppData\Local\Temp\surefire9125004371235151130\surefirebooter-20231108153643228_3.jar C:\Users\faizu\AppData\Local\Temp\surefire9125004371235151130 2023-11-08T15-36-40_597-jvmRun1 surefire-20231108153643228_1tmp surefire_0-20231108153643228_2tmp"/>
    <property name="jdk.debug" value="release"/>
    <property name="surefire.test.class.path" value="C:\Users\faizu\eclipse-workspace\Adactin_Cucumber\target\test-classes;C:\Users\faizu\eclipse-workspace\Adactin_Cucumber\target\classes;C:\Users\faizu\.m2\repository\junit\junit\4.12\junit-4.12.jar;C:\Users\faizu\.m2\repository\org\hamcrest\hamcrest-core\1.3\hamcrest-core-1.3.jar;C:\Users\faizu\.m2\repository\info\cukes\cucumber-junit\1.2.5\cucumber-junit-1.2.5.jar;C:\Users\faizu\.m2\repository\info\cukes\cucumber-java\1.2.5\cucumber-java-1.2.5.jar;C:\Users\faizu\.m2\repository\info\cukes\cucumber-core\1.2.5\cucumber-core-1.2.5.jar;C:\Users\faizu\.m2\repository\info\cukes\cucumber-html\0.2.3\cucumber-html-0.2.3.jar;C:\Users\faizu\.m2\repository\info\cukes\cucumber-jvm-deps\1.0.5\cucumber-jvm-deps-1.0.5.jar;C:\Users\faizu\.m2\repository\info\cukes\gherkin\2.12.2\gherkin-2.12.2.jar;C:\Users\faizu\.m2\repository\org\seleniumhq\selenium\selenium-java\3.141.59\selenium-java-3.141.59.jar;C:\Users\faizu\.m2\repository\org\seleniumhq\selenium\selenium-api\3.141.59\selenium-api-3.141.59.jar;C:\Users\faizu\.m2\repository\org\seleniumhq\selenium\selenium-chrome-driver\3.141.59\selenium-chrome-driver-3.141.59.jar;C:\Users\faizu\.m2\repository\org\seleniumhq\selenium\selenium-edge-driver\3.141.59\selenium-edge-driver-3.141.59.jar;C:\Users\faizu\.m2\repository\org\seleniumhq\selenium\selenium-firefox-driver\3.141.59\selenium-firefox-driver-3.141.59.jar;C:\Users\faizu\.m2\repository\org\seleniumhq\selenium\selenium-ie-driver\3.141.59\selenium-ie-driver-3.141.59.jar;C:\Users\faizu\.m2\repository\org\seleniumhq\selenium\selenium-opera-driver\3.141.59\selenium-opera-driver-3.141.59.jar;C:\Users\faizu\.m2\repository\org\seleniumhq\selenium\selenium-remote-driver\3.141.59\selenium-remote-driver-3.141.59.jar;C:\Users\faizu\.m2\repository\org\seleniumhq\selenium\selenium-safari-driver\3.141.59\selenium-safari-driver-3.141.59.jar;C:\Users\faizu\.m2\repository\org\seleniumhq\selenium\selenium-support\3.141.59\selenium-support-3.141.59.jar;C:\Users\faizu\.m2\repository\net\bytebuddy\byte-buddy\1.8.15\byte-buddy-1.8.15.jar;C:\Users\faizu\.m2\repository\org\apache\commons\commons-exec\1.3\commons-exec-1.3.jar;C:\Users\faizu\.m2\repository\com\google\guava\guava\25.0-jre\guava-25.0-jre.jar;C:\Users\faizu\.m2\repository\com\google\code\findbugs\jsr305\1.3.9\jsr305-1.3.9.jar;C:\Users\faizu\.m2\repository\org\checkerframework\checker-compat-qual\2.0.0\checker-compat-qual-2.0.0.jar;C:\Users\faizu\.m2\repository\com\google\errorprone\error_prone_annotations\2.1.3\error_prone_annotations-2.1.3.jar;C:\Users\faizu\.m2\repository\com\google\j2objc\j2objc-annotations\1.1\j2objc-annotations-1.1.jar;C:\Users\faizu\.m2\repository\org\codehaus\mojo\animal-sniffer-annotations\1.14\animal-sniffer-annotations-1.14.jar;C:\Users\faizu\.m2\repository\com\squareup\okhttp3\okhttp\3.11.0\okhttp-3.11.0.jar;C:\Users\faizu\.m2\repository\com\squareup\okio\okio\1.14.0\okio-1.14.0.jar;C:\Users\faizu\.m2\repository\commons-io\commons-io\2.14.0\commons-io-2.14.0.jar;C:\Users\faizu\.m2\repository\io\github\bonigarcia\webdrivermanager\5.5.2\webdrivermanager-5.5.2.jar;C:\Users\faizu\.m2\repository\org\slf4j\slf4j-api\2.0.7\slf4j-api-2.0.7.jar;C:\Users\faizu\.m2\repository\com\google\code\gson\gson\2.10.1\gson-2.10.1.jar;C:\Users\faizu\.m2\repository\com\github\docker-java\docker-java\3.3.3\docker-java-3.3.3.jar;C:\Users\faizu\.m2\repository\com\github\docker-java\docker-java-core\3.3.3\docker-java-core-3.3.3.jar;C:\Users\faizu\.m2\repository\com\github\docker-java\docker-java-api\3.3.3\docker-java-api-3.3.3.jar;C:\Users\faizu\.m2\repository\com\fasterxml\jackson\core\jackson-annotations\2.10.3\jackson-annotations-2.10.3.jar;C:\Users\faizu\.m2\repository\org\apache\commons\commons-compress\1.21\commons-compress-1.21.jar;C:\Users\faizu\.m2\repository\com\fasterxml\jackson\core\jackson-databind\2.10.3\jackson-databind-2.10.3.jar;C:\Users\faizu\.m2\repository\com\fasterxml\jackson\core\jackson-core\2.10.3\jackson-core-2.10.3.jar;C:\Users\faizu\.m2\repository\org\bouncycastle\bcpkix-jdk18on\1.75\bcpkix-jdk18on-1.75.jar;C:\Users\faizu\.m2\repository\org\bouncycastle\bcprov-jdk18on\1.75\bcprov-jdk18on-1.75.jar;C:\Users\faizu\.m2\repository\org\bouncycastle\bcutil-jdk18on\1.75\bcutil-jdk18on-1.75.jar;C:\Users\faizu\.m2\repository\org\slf4j\jcl-over-slf4j\1.7.30\jcl-over-slf4j-1.7.30.jar;C:\Users\faizu\.m2\repository\com\github\docker-java\docker-java-transport-httpclient5\3.3.3\docker-java-transport-httpclient5-3.3.3.jar;C:\Users\faizu\.m2\repository\com\github\docker-java\docker-java-transport\3.3.3\docker-java-transport-3.3.3.jar;C:\Users\faizu\.m2\repository\net\java\dev\jna\jna\5.12.1\jna-5.12.1.jar;C:\Users\faizu\.m2\repository\org\brotli\dec\0.1.2\dec-0.1.2.jar;C:\Users\faizu\.m2\repository\org\apache\commons\commons-lang3\3.13.0\commons-lang3-3.13.0.jar;C:\Users\faizu\.m2\repository\org\apache\httpcomponents\client5\httpclient5\5.2.1\httpclient5-5.2.1.jar;C:\Users\faizu\.m2\repository\org\apache\httpcomponents\core5\httpcore5\5.2\httpcore5-5.2.jar;C:\Users\faizu\.m2\repository\org\apache\httpcomponents\core5\httpcore5-h2\5.2\httpcore5-h2-5.2.jar;C:\Users\faizu\.m2\repository\com\vimalselvam\cucumber-extentsreport\3.0.2\cucumber-extentsreport-3.0.2.jar;C:\Users\faizu\.m2\repository\com\aventstack\extentreports\3.1.2\extentreports-3.1.2.jar;C:\Users\faizu\.m2\repository\org\freemarker\freemarker\2.3.23\freemarker-2.3.23.jar;C:\Users\faizu\.m2\repository\org\mongodb\mongodb-driver\3.3.0\mongodb-driver-3.3.0.jar;C:\Users\faizu\.m2\repository\org\mongodb\bson\3.3.0\bson-3.3.0.jar;C:\Users\faizu\.m2\repository\org\mongodb\mongodb-driver-core\3.3.0\mongodb-driver-core-3.3.0.jar;C:\Users\faizu\.m2\repository\org\apache\httpcomponents\httpclient\4.5.2\httpclient-4.5.2.jar;C:\Users\faizu\.m2\repository\org\apache\httpcomponents\httpcore\4.4.4\httpcore-4.4.4.jar;C:\Users\faizu\.m2\repository\commons-logging\commons-logging\1.2\commons-logging-1.2.jar;C:\Users\faizu\.m2\repository\commons-codec\commons-codec\1.9\commons-codec-1.9.jar;C:\Users\faizu\.m2\repository\org\apache\httpcomponents\httpmime\4.5.2\httpmime-4.5.2.jar;C:\Users\faizu\.m2\repository\org\jsoup\jsoup\1.9.2\jsoup-1.9.2.jar;C:\Users\faizu\.m2\repository\org\junit\jupiter\junit-jupiter-params\5.7.1\junit-jupiter-params-5.7.1.jar;C:\Users\faizu\.m2\repository\org\apiguardian\apiguardian-api\1.1.0\apiguardian-api-1.1.0.jar;C:\Users\faizu\.m2\repository\org\junit\jupiter\junit-jupiter-api\5.7.1\junit-jupiter-api-5.7.1.jar;C:\Users\faizu\.m2\repository\org\opentest4j\opentest4j\1.2.0\opentest4j-1.2.0.jar;C:\Users\faizu\.m2\repository\org\junit\platform\junit-platform-commons\1.7.1\junit-platform-commons-1.7.1.jar;"/>
    <property name="sun.cpu.endian" value="little"/>
    <property name="user.home" value="C:\Users\faizu"/>
    <property name="user.language" value="en"/>
    <property name="java.specification.vendor" value="Oracle Corporation"/>
    <property name="java.version.date" value="2023-07-18"/>
    <property name="java.home" value="C:\Program Files\Java\jdk-11"/>
    <property name="file.separator" value="\"/>
    <property name="style.color" value="always"/>
    <property name="basedir" value="C:\Users\faizu\eclipse-workspace\Adactin_Cucumber"/>
    <property name="java.vm.compressedOopsMode" value="32-bit"/>
    <property name="line.separator" value="&#10;"/>
    <property name="java.specification.name" value="Java Platform API Specification"/>
    <property name="java.vm.specification.vendor" value="Oracle Corporation"/>
    <property name="java.awt.graphicsenv" value="sun.awt.Win32GraphicsEnvironment"/>
    <property name="surefire.real.class.path" value="C:\Users\faizu\AppData\Local\Temp\surefire9125004371235151130\surefirebooter-20231108153643228_3.jar"/>
    <property name="user.script" value=""/>
    <property name="sun.management.compiler" value="HotSpot 64-Bit Tiered Compilers"/>
    <property name="java.runtime.version" value="11.0.20+9-LTS-256"/>
    <property name="user.name" value="faizu"/>
    <property name="path.separator" value=";"/>
    <property name="os.version" value="10.0"/>
    <property name="java.runtime.name" value="Java(TM) SE Runtime Environment"/>
    <property name="file.encoding" value="Cp1252"/>
    <property name="java.vm.name" value="Java HotSpot(TM) 64-Bit Server VM"/>
    <property name="java.vendor.version" value="18.9"/>
    <property name="localRepository" value="C:\Users\faizu\.m2\repository"/>
    <property name="java.vendor.url.bug" value="https://bugreport.java.com/bugreport/"/>
    <property name="java.io.tmpdir" value="C:\Users\faizu\AppData\Local\Temp\"/>
    <property name="java.version" value="11.0.20"/>
    <property name="user.dir" value="C:\Users\faizu\eclipse-workspace\Adactin_Cucumber"/>
    <property name="os.arch" value="amd64"/>
    <property name="java.vm.specification.name" value="Java Virtual Machine Specification"/>
    <property name="java.awt.printerjob" value="sun.awt.windows.WPrinterJob"/>
    <property name="sun.os.patch.level" value=""/>
    <property name="java.library.path" value="C:\Program Files\Java\jdk-11\bin;C:\WINDOWS\Sun\Java\bin;C:\WINDOWS\system32;C:\WINDOWS;C:/Users/faizu/.p2/pool/plugins/org.eclipse.justj.openjdk.hotspot.jre.full.win32.x86_64_17.0.8.v20230831-1047/jre/bin/server;C:/Users/faizu/.p2/pool/plugins/org.eclipse.justj.openjdk.hotspot.jre.full.win32.x86_64_17.0.8.v20230831-1047/jre/bin;C:\Program Files\Common Files\Oracle\Java\javapath;C:\oracle\product\10.2.0\db_1\bin;C:\Program Files (x86)\Common Files\Oracle\Java\javapath;C:\WINDOWS\system32;C:\WINDOWS;C:\WINDOWS\System32\Wbem;C:\WINDOWS\System32\WindowsPowerShell\v1.0\;C:\WINDOWS\System32\OpenSSH\;C:\Program Files\Git\cmd;C:\Program Files\nodejs\;C:\Users\faizu\AppData\Local\Microsoft\WindowsApps;C:\Program Files\apache-maven-3.9.5\bin;C:\Users\faizu\AppData\Local\Programs\Microsoft VS Code\bin;C:\Users\faizu\AppData\Roaming\npm;C:\Program Files\nodejs;;C:\Users\faizu\eclipse\java-2022-12\eclipse;;."/>
    <property name="java.vendor" value="Oracle Corporation"/>
    <property name="java.vm.info" value="mixed mode"/>
    <property name="java.vm.version" value="11.0.20+9-LTS-256"/>
    <property name="java.specification.maintenance.version" value="2"/>
    <property name="sun.io.unicode.encoding" value="UnicodeLittle"/>
    <property name="java.class.version" value="55.0"/>
  </properties>
  <testcase name="Given To Launch The Url Of The Adactin Web Application" classname="Scenario: To Verify the Login Page in the adactin Web Application" time="0.003">
    <system-out><![CDATA[Feature: Hotel Booking in the Adactin Application
]]></system-out>
    <system-err><![CDATA[SLF4J: No SLF4J providers were found.
SLF4J: Defaulting to no-operation (NOP) logger implementation
SLF4J: See https://www.slf4j.org/codes.html#noProviders for further details.
Starting ChromeDriver 118.0.5993.70 (e52f33f30b91b4ddfad649acddc39ab570473b86-refs/branch-heads/5993@{#1216}) on port 12880
Only local connections are allowed.
Please see https://chromedriver.chromium.org/security-considerations for suggestions on keeping ChromeDriver safe.
ChromeDriver was started successfully.
Nov 08, 2023 3:36:58 PM org.openqa.selenium.remote.ProtocolHandshake createSession
INFO: Detected dialect: W3C
]]></system-err>
  </testcase>
  <testcase name="When user Enter The Username In The Username Field" classname="Scenario: To Verify the Login Page in the adactin Web Application" time="0"/>
  <testcase name="And user Enter The Password In The Password Field" classname="Scenario: To Verify the Login Page in the adactin Web Application" time="0"/>
  <testcase name="Then user click the Login Button And Navigate to Next Page" classname="Scenario: To Verify the Login Page in the adactin Web Application" time="0"/>
  <testcase name="When user Select The Location In The Location Drop-Down Field" classname="Scenario: To Verify the Search Hotel Page" time="0">
    <system-out><![CDATA[
  @login
  Scenario: To Verify the Login Page in the adactin Web Application # adactin.feature:3
    Given To Launch The Url Of The Adactin Web Application          # stepdefinitionclass.to_Launch_The_Url_Of_The_Adactin_Web_Application()
    When user Enter The Username In The Username Field              # stepdefinitionclass.user_Enter_The_Username_In_The_Username_Field()
    And user Enter The Password In The Password Field               # stepdefinitionclass.user_Enter_The_Password_In_The_Password_Field()
    Then user click the Login Button And Navigate to Next Page      # stepdefinitionclass.user_click_the_Login_Button_And_Navigate_to_Next_Page()
]]></system-out>
  </testcase>
  <testcase name="And user Select The Hotels In The Hotels Drop-Down Field" classname="Scenario: To Verify the Search Hotel Page" time="0"/>
  <testcase name="And user Select The Room_Types In The Room_Types Drop-Down Field" classname="Scenario: To Verify the Search Hotel Page" time="0"/>
  <testcase name="And user Select the Number_Of_Rooms In The Number_Of_Rooms Field" classname="Scenario: To Verify the Search Hotel Page" time="0.007"/>
  <testcase name="And user Select the Check_In_Date In The Check_In_Date Drop-Down Field" classname="Scenario: To Verify the Search Hotel Page" time="0"/>
  <testcase name="And user Select the Check_Out_Date In The Check_Out_Date Drop-Down Field" classname="Scenario: To Verify the Search Hotel Page" time="0"/>
  <testcase name="And user Select the Adults_Per_Room In The Adults_Per_Room Drop-Down Field" classname="Scenario: To Verify the Search Hotel Page" time="0"/>
  <testcase name="And user Select the Children_Per_Room In The Children_Per_Room Drop-Down Field" classname="Scenario: To Verify the Search Hotel Page" time="0"/>
  <testcase name="Then user Click the Search Button And Navigate to Next Page" classname="Scenario: To Verify the Search Hotel Page" time="0"/>
  <testcase name="When user Select The Hotel Name In Select Radio Button" classname="Scenario: To Verfiy the Select Hotel Page" time="0">
    <system-out><![CDATA[
  @search_hotel
  Scenario: To Verify the Search Hotel Page                                        # adactin.feature:10
    When user Select The Location In The Location Drop-Down Field                  # stepdefinitionclass.user_Select_The_Location_In_The_Location_Drop_Down_Field()
    And user Select The Hotels In The Hotels Drop-Down Field                       # stepdefinitionclass.user_Select_The_Hotels_In_The_Hotels_Drop_Down_Field()
    And user Select The Room_Types In The Room_Types Drop-Down Field               # stepdefinitionclass.user_Select_The_Room_Types_In_The_Room_Types_Drop_Down_Field()
    And user Select the Number_Of_Rooms In The Number_Of_Rooms Field               # stepdefinitionclass.user_Select_the_Number_Of_Rooms_In_The_Number_Of_Rooms_Field()
    And user Select the Check_In_Date In The Check_In_Date Drop-Down Field         # stepdefinitionclass.user_Select_the_Check_In_Date_In_The_Check_In_Date_Drop_Down_Field()
    And user Select the Check_Out_Date In The Check_Out_Date Drop-Down Field       # stepdefinitionclass.user_Select_the_Check_Out_Date_In_The_Check_Out_Date_Drop_Down_Field()
    And user Select the Adults_Per_Room In The Adults_Per_Room Drop-Down Field     # stepdefinitionclass.user_Select_the_Adults_Per_Room_In_The_Adults_Per_Room_Drop_Down_Field()
    And user Select the Children_Per_Room In The Children_Per_Room Drop-Down Field # stepdefinitionclass.user_Select_the_Children_Per_Room_In_The_Children_Per_Room_Drop_Down_Field()
    Then user Click the Search Button And Navigate to Next Page                    # stepdefinitionclass.user_Click_the_Search_Button_And_Navigate_to_Next_Page()
]]></system-out>
  </testcase>
  <testcase name="Then user Click the Click Button  And Navigate to Next Page" classname="Scenario: To Verfiy the Select Hotel Page" time="0"/>
  <testcase name="When user Enter The First Name in the FirstName Field" classname="Scenario: To Verfiy the Book A Hotel Page" time="0.001">
    <system-out><![CDATA[
  @select_hotel
  Scenario: To Verfiy the Select Hotel Page                     # adactin.feature:22
    When user Select The Hotel Name In Select Radio Button      # stepdefinitionclass.user_Select_The_Hotel_Name_In_Select_Radio_Button()
    Then user Click the Click Button  And Navigate to Next Page # stepdefinitionclass.user_Click_the_Click_Button_And_Navigate_to_Next_Page()
]]></system-out>
  </testcase>
  <testcase name="And user Enter The Last Name in the LastName Field" classname="Scenario: To Verfiy the Book A Hotel Page" time="0"/>
  <testcase name="And user Enter the Address in the Billing Address Field" classname="Scenario: To Verfiy the Book A Hotel Page" time="0"/>
  <testcase name="And user Enter the Credit Card Number in the CreditCard Number field" classname="Scenario: To Verfiy the Book A Hotel Page" time="0"/>
  <testcase name="And user Select the Credit Card Type in the CreditCard Type" classname="Scenario: To Verfiy the Book A Hotel Page" time="0"/>
  <testcase name="And user Select the Expiry month and Expiry Year in the  Expiry Date Dropdown" classname="Scenario: To Verfiy the Book A Hotel Page" time="0"/>
  <testcase name="And user Enter the CVV number in the CVV number field" classname="Scenario: To Verfiy the Book A Hotel Page" time="0"/>
  <testcase name="Then user Click the BookNow Button And It will navigate to the Booking Confirmation Page" classname="Scenario: To Verfiy the Book A Hotel Page" time="0"/>
  <testcase name="When user click the Logout Button" classname="Scenario: To Verify the Booking Confirmation Page Functionality" time="0">
    <system-out><![CDATA[
  @book_hotel
  Scenario: To Verfiy the Book A Hotel Page                                                  # adactin.feature:27
    When user Enter The First Name in the FirstName Field                                    # stepdefinitionclass.user_Enter_The_First_Name_in_the_FirstName_Field()
    And user Enter The Last Name in the LastName Field                                       # stepdefinitionclass.user_Enter_The_Last_Name_in_the_LastName_Field()
    And user Enter the Address in the Billing Address Field                                  # stepdefinitionclass.user_Enter_the_Address_in_the_Billing_Address_Field()
    And user Enter the Credit Card Number in the CreditCard Number field                     # stepdefinitionclass.user_Enter_the_Credit_Card_Number_in_the_CreditCard_Number_field()
    And user Select the Credit Card Type in the CreditCard Type                              # stepdefinitionclass.user_Select_the_Credit_Card_Type_in_the_CreditCard_Type()
    And user Select the Expiry month and Expiry Year in the  Expiry Date Dropdown            # stepdefinitionclass.user_Select_the_Expiry_month_and_Expiry_Year_in_the_Expiry_Date_Dropdown()
    And user Enter the CVV number in the CVV number field                                    # stepdefinitionclass.user_Enter_the_CVV_number_in_the_CVV_number_field()
    Then user Click the BookNow Button And It will navigate to the Booking Confirmation Page # stepdefinitionclass.user_Click_the_BookNow_Button_And_It_will_navigate_to_the_Booking_Confirmation_Page()
]]></system-out>
  </testcase>
</testsuite>